{"C:\\Users\\akusu\\OneDrive\\Documents\\sekolah\\DPSI\\manajemenfile\\app.js": {"path":"C:\\Users\\akusu\\OneDrive\\Documents\\sekolah\\DPSI\\manajemenfile\\app.js","statementMap":{"0":{"start":{"line":1,"column":18},"end":{"line":1,"column":40}},"1":{"start":{"line":2,"column":14},"end":{"line":2,"column":32}},"2":{"start":{"line":3,"column":11},"end":{"line":3,"column":26}},"3":{"start":{"line":4,"column":19},"end":{"line":4,"column":43}},"4":{"start":{"line":5,"column":13},"end":{"line":5,"column":30}},"5":{"start":{"line":7,"column":18},"end":{"line":7,"column":43}},"6":{"start":{"line":8,"column":18},"end":{"line":8,"column":43}},"7":{"start":{"line":9,"column":17},"end":{"line":9,"column":41}},"8":{"start":{"line":10,"column":21},"end":{"line":10,"column":50}},"9":{"start":{"line":11,"column":19},"end":{"line":11,"column":46}},"10":{"start":{"line":13,"column":16},"end":{"line":13,"column":40}},"11":{"start":{"line":15,"column":10},"end":{"line":15,"column":19}},"12":{"start":{"line":18,"column":0},"end":{"line":18,"column":48}},"13":{"start":{"line":19,"column":0},"end":{"line":19,"column":30}},"14":{"start":{"line":21,"column":0},"end":{"line":21,"column":23}},"15":{"start":{"line":22,"column":0},"end":{"line":22,"column":24}},"16":{"start":{"line":23,"column":0},"end":{"line":23,"column":49}},"17":{"start":{"line":24,"column":0},"end":{"line":24,"column":24}},"18":{"start":{"line":25,"column":0},"end":{"line":25,"column":56}},"19":{"start":{"line":27,"column":0},"end":{"line":27,"column":26}},"20":{"start":{"line":28,"column":0},"end":{"line":28,"column":31}},"21":{"start":{"line":29,"column":0},"end":{"line":29,"column":29}},"22":{"start":{"line":30,"column":0},"end":{"line":30,"column":37}},"23":{"start":{"line":31,"column":0},"end":{"line":31,"column":32}},"24":{"start":{"line":34,"column":0},"end":{"line":36,"column":3}},"25":{"start":{"line":35,"column":2},"end":{"line":35,"column":25}},"26":{"start":{"line":39,"column":0},"end":{"line":47,"column":3}},"27":{"start":{"line":41,"column":2},"end":{"line":41,"column":35}},"28":{"start":{"line":42,"column":2},"end":{"line":42,"column":69}},"29":{"start":{"line":45,"column":2},"end":{"line":45,"column":32}},"30":{"start":{"line":46,"column":2},"end":{"line":46,"column":22}},"31":{"start":{"line":48,"column":0},"end":{"line":54,"column":5}},"32":{"start":{"line":50,"column":4},"end":{"line":50,"column":41}},"33":{"start":{"line":53,"column":4},"end":{"line":53,"column":56}},"34":{"start":{"line":56,"column":0},"end":{"line":56,"column":21}}},"fnMap":{"0":{"name":"(anonymous_0)","decl":{"start":{"line":34,"column":8},"end":{"line":34,"column":9}},"loc":{"start":{"line":34,"column":33},"end":{"line":36,"column":1}},"line":34},"1":{"name":"(anonymous_1)","decl":{"start":{"line":39,"column":8},"end":{"line":39,"column":9}},"loc":{"start":{"line":39,"column":38},"end":{"line":47,"column":1}},"line":39},"2":{"name":"(anonymous_2)","decl":{"start":{"line":49,"column":8},"end":{"line":49,"column":9}},"loc":{"start":{"line":49,"column":14},"end":{"line":51,"column":3}},"line":49},"3":{"name":"(anonymous_3)","decl":{"start":{"line":52,"column":9},"end":{"line":52,"column":10}},"loc":{"start":{"line":52,"column":16},"end":{"line":54,"column":3}},"line":52}},"branchMap":{"0":{"loc":{"start":{"line":42,"column":21},"end":{"line":42,"column":68}},"type":"cond-expr","locations":[{"start":{"line":42,"column":60},"end":{"line":42,"column":63}},{"start":{"line":42,"column":66},"end":{"line":42,"column":68}}],"line":42},"1":{"loc":{"start":{"line":45,"column":13},"end":{"line":45,"column":30}},"type":"binary-expr","locations":[{"start":{"line":45,"column":13},"end":{"line":45,"column":23}},{"start":{"line":45,"column":27},"end":{"line":45,"column":30}}],"line":45}},"s":{"0":1,"1":1,"2":1,"3":1,"4":1,"5":1,"6":1,"7":1,"8":1,"9":1,"10":1,"11":1,"12":1,"13":1,"14":1,"15":1,"16":1,"17":1,"18":1,"19":1,"20":1,"21":1,"22":1,"23":1,"24":1,"25":0,"26":1,"27":3,"28":3,"29":3,"30":3,"31":1,"32":0,"33":0,"34":1},"f":{"0":0,"1":3,"2":0,"3":0},"b":{"0":[0,3],"1":[3,3]},"_coverageSchema":"1a1c01bbd47fc00a2c39e90264f33305004495a9","hash":"3b56f35b1ddfaad2c502c937ff4d5f7b36d2fa7c"}
,"C:\\Users\\akusu\\OneDrive\\Documents\\sekolah\\DPSI\\manajemenfile\\middelware\\auth.js": {"path":"C:\\Users\\akusu\\OneDrive\\Documents\\sekolah\\DPSI\\manajemenfile\\middelware\\auth.js","statementMap":{"0":{"start":{"line":1,"column":12},"end":{"line":1,"column":35}},"1":{"start":{"line":3,"column":21},"end":{"line":15,"column":1}},"2":{"start":{"line":4,"column":18},"end":{"line":4,"column":68}},"3":{"start":{"line":5,"column":4},"end":{"line":7,"column":5}},"4":{"start":{"line":6,"column":8},"end":{"line":6,"column":83}},"5":{"start":{"line":8,"column":4},"end":{"line":14,"column":5}},"6":{"start":{"line":9,"column":25},"end":{"line":9,"column":61}},"7":{"start":{"line":10,"column":8},"end":{"line":10,"column":27}},"8":{"start":{"line":11,"column":8},"end":{"line":11,"column":15}},"9":{"start":{"line":13,"column":8},"end":{"line":13,"column":64}},"10":{"start":{"line":17,"column":18},"end":{"line":24,"column":1}},"11":{"start":{"line":18,"column":4},"end":{"line":23,"column":6}},"12":{"start":{"line":19,"column":8},"end":{"line":21,"column":9}},"13":{"start":{"line":20,"column":12},"end":{"line":20,"column":66}},"14":{"start":{"line":22,"column":8},"end":{"line":22,"column":15}},"15":{"start":{"line":26,"column":0},"end":{"line":26,"column":45}}},"fnMap":{"0":{"name":"(anonymous_0)","decl":{"start":{"line":3,"column":21},"end":{"line":3,"column":22}},"loc":{"start":{"line":3,"column":41},"end":{"line":15,"column":1}},"line":3},"1":{"name":"(anonymous_1)","decl":{"start":{"line":17,"column":18},"end":{"line":17,"column":19}},"loc":{"start":{"line":17,"column":34},"end":{"line":24,"column":1}},"line":17},"2":{"name":"(anonymous_2)","decl":{"start":{"line":18,"column":11},"end":{"line":18,"column":12}},"loc":{"start":{"line":18,"column":31},"end":{"line":23,"column":5}},"line":18}},"branchMap":{"0":{"loc":{"start":{"line":5,"column":4},"end":{"line":7,"column":5}},"type":"if","locations":[{"start":{"line":5,"column":4},"end":{"line":7,"column":5}},{"start":{},"end":{}}],"line":5},"1":{"loc":{"start":{"line":17,"column":19},"end":{"line":17,"column":29}},"type":"default-arg","locations":[{"start":{"line":17,"column":27},"end":{"line":17,"column":29}}],"line":17},"2":{"loc":{"start":{"line":19,"column":8},"end":{"line":21,"column":9}},"type":"if","locations":[{"start":{"line":19,"column":8},"end":{"line":21,"column":9}},{"start":{},"end":{}}],"line":19}},"s":{"0":1,"1":1,"2":0,"3":0,"4":0,"5":0,"6":0,"7":0,"8":0,"9":0,"10":1,"11":2,"12":0,"13":0,"14":0,"15":1},"f":{"0":0,"1":2,"2":0},"b":{"0":[0,0],"1":[0],"2":[0,0]},"_coverageSchema":"1a1c01bbd47fc00a2c39e90264f33305004495a9","hash":"11cc6a05ce0914dd550f79e702df29107d307ac8"}
,"C:\\Users\\akusu\\OneDrive\\Documents\\sekolah\\DPSI\\manajemenfile\\model\\acces.js": {"path":"C:\\Users\\akusu\\OneDrive\\Documents\\sekolah\\DPSI\\manajemenfile\\model\\acces.js","statementMap":{"0":{"start":{"line":1,"column":22},"end":{"line":1,"column":42}},"1":{"start":{"line":2,"column":18},"end":{"line":2,"column":36}},"2":{"start":{"line":3,"column":20},"end":{"line":3,"column":44}},"3":{"start":{"line":4,"column":13},"end":{"line":4,"column":30}},"4":{"start":{"line":6,"column":15},"end":{"line":28,"column":2}},"5":{"start":{"line":30,"column":0},"end":{"line":30,"column":49}},"6":{"start":{"line":31,"column":0},"end":{"line":31,"column":47}},"7":{"start":{"line":33,"column":0},"end":{"line":33,"column":63}},"8":{"start":{"line":34,"column":0},"end":{"line":34,"column":61}},"9":{"start":{"line":36,"column":0},"end":{"line":36,"column":24}}},"fnMap":{},"branchMap":{},"s":{"0":1,"1":1,"2":1,"3":1,"4":1,"5":1,"6":1,"7":1,"8":1,"9":1},"f":{},"b":{},"_coverageSchema":"1a1c01bbd47fc00a2c39e90264f33305004495a9","hash":"b11f84e9424c346c84f78f63333b51253938a6ef"}
,"C:\\Users\\akusu\\OneDrive\\Documents\\sekolah\\DPSI\\manajemenfile\\model\\document.js": {"path":"C:\\Users\\akusu\\OneDrive\\Documents\\sekolah\\DPSI\\manajemenfile\\model\\document.js","statementMap":{"0":{"start":{"line":1,"column":22},"end":{"line":1,"column":42}},"1":{"start":{"line":2,"column":18},"end":{"line":2,"column":36}},"2":{"start":{"line":4,"column":17},"end":{"line":18,"column":2}},"3":{"start":{"line":20,"column":0},"end":{"line":20,"column":26}}},"fnMap":{},"branchMap":{},"s":{"0":1,"1":1,"2":1,"3":1},"f":{},"b":{},"_coverageSchema":"1a1c01bbd47fc00a2c39e90264f33305004495a9","hash":"636a16b4eadfc81cedc2442e6034f0b321620154"}
,"C:\\Users\\akusu\\OneDrive\\Documents\\sekolah\\DPSI\\manajemenfile\\model\\folder.js": {"path":"C:\\Users\\akusu\\OneDrive\\Documents\\sekolah\\DPSI\\manajemenfile\\model\\folder.js","statementMap":{"0":{"start":{"line":1,"column":22},"end":{"line":1,"column":42}},"1":{"start":{"line":2,"column":18},"end":{"line":2,"column":36}},"2":{"start":{"line":4,"column":15},"end":{"line":14,"column":2}},"3":{"start":{"line":16,"column":0},"end":{"line":16,"column":24}}},"fnMap":{},"branchMap":{},"s":{"0":1,"1":1,"2":1,"3":1},"f":{},"b":{},"_coverageSchema":"1a1c01bbd47fc00a2c39e90264f33305004495a9","hash":"5edc199aece2b18f846eb2600f74dc8aa2917365"}
,"C:\\Users\\akusu\\OneDrive\\Documents\\sekolah\\DPSI\\manajemenfile\\model\\index.js": {"path":"C:\\Users\\akusu\\OneDrive\\Documents\\sekolah\\DPSI\\manajemenfile\\model\\index.js","statementMap":{"0":{"start":{"line":1,"column":22},"end":{"line":1,"column":42}},"1":{"start":{"line":4,"column":18},"end":{"line":7,"column":2}},"2":{"start":{"line":9,"column":0},"end":{"line":15,"column":7}},"3":{"start":{"line":11,"column":8},"end":{"line":11,"column":69}},"4":{"start":{"line":14,"column":8},"end":{"line":14,"column":65}},"5":{"start":{"line":17,"column":0},"end":{"line":17,"column":27}}},"fnMap":{"0":{"name":"(anonymous_0)","decl":{"start":{"line":10,"column":10},"end":{"line":10,"column":11}},"loc":{"start":{"line":10,"column":16},"end":{"line":12,"column":5}},"line":10},"1":{"name":"(anonymous_1)","decl":{"start":{"line":13,"column":11},"end":{"line":13,"column":12}},"loc":{"start":{"line":13,"column":18},"end":{"line":15,"column":5}},"line":13}},"branchMap":{},"s":{"0":1,"1":1,"2":1,"3":0,"4":0,"5":1},"f":{"0":0,"1":0},"b":{},"_coverageSchema":"1a1c01bbd47fc00a2c39e90264f33305004495a9","hash":"849924219a0d978102bac9a681e0294da3027a92"}
,"C:\\Users\\akusu\\OneDrive\\Documents\\sekolah\\DPSI\\manajemenfile\\model\\integration.js": {"path":"C:\\Users\\akusu\\OneDrive\\Documents\\sekolah\\DPSI\\manajemenfile\\model\\integration.js","statementMap":{"0":{"start":{"line":1,"column":22},"end":{"line":1,"column":42}},"1":{"start":{"line":2,"column":18},"end":{"line":2,"column":36}},"2":{"start":{"line":3,"column":13},"end":{"line":3,"column":30}},"3":{"start":{"line":4,"column":17},"end":{"line":4,"column":38}},"4":{"start":{"line":5,"column":15},"end":{"line":5,"column":34}},"5":{"start":{"line":7,"column":20},"end":{"line":29,"column":2}},"6":{"start":{"line":31,"column":0},"end":{"line":31,"column":54}},"7":{"start":{"line":32,"column":0},"end":{"line":32,"column":52}},"8":{"start":{"line":34,"column":0},"end":{"line":34,"column":62}},"9":{"start":{"line":35,"column":0},"end":{"line":35,"column":60}},"10":{"start":{"line":37,"column":0},"end":{"line":37,"column":57}},"11":{"start":{"line":38,"column":0},"end":{"line":38,"column":54}},"12":{"start":{"line":40,"column":0},"end":{"line":40,"column":29}}},"fnMap":{},"branchMap":{},"s":{"0":1,"1":1,"2":1,"3":1,"4":1,"5":1,"6":1,"7":1,"8":1,"9":1,"10":1,"11":1,"12":1},"f":{},"b":{},"_coverageSchema":"1a1c01bbd47fc00a2c39e90264f33305004495a9","hash":"807a6cd0780eecd8a27818618bda09514867cac9"}
,"C:\\Users\\akusu\\OneDrive\\Documents\\sekolah\\DPSI\\manajemenfile\\model\\user.js": {"path":"C:\\Users\\akusu\\OneDrive\\Documents\\sekolah\\DPSI\\manajemenfile\\model\\user.js","statementMap":{"0":{"start":{"line":1,"column":22},"end":{"line":1,"column":42}},"1":{"start":{"line":2,"column":18},"end":{"line":2,"column":36}},"2":{"start":{"line":3,"column":15},"end":{"line":3,"column":34}},"3":{"start":{"line":5,"column":13},"end":{"line":31,"column":2}},"4":{"start":{"line":27,"column":25},"end":{"line":27,"column":49}},"5":{"start":{"line":28,"column":12},"end":{"line":28,"column":67}},"6":{"start":{"line":33,"column":0},"end":{"line":33,"column":22}}},"fnMap":{"0":{"name":"(anonymous_0)","decl":{"start":{"line":26,"column":22},"end":{"line":26,"column":23}},"loc":{"start":{"line":26,"column":38},"end":{"line":29,"column":9}},"line":26}},"branchMap":{},"s":{"0":1,"1":1,"2":1,"3":1,"4":0,"5":0,"6":1},"f":{"0":0},"b":{},"_coverageSchema":"1a1c01bbd47fc00a2c39e90264f33305004495a9","hash":"2f50d1f0e48b0a0157361de711149126442f3040"}
,"C:\\Users\\akusu\\OneDrive\\Documents\\sekolah\\DPSI\\manajemenfile\\routes\\auth.js": {"path":"C:\\Users\\akusu\\OneDrive\\Documents\\sekolah\\DPSI\\manajemenfile\\routes\\auth.js","statementMap":{"0":{"start":{"line":1,"column":16},"end":{"line":1,"column":34}},"1":{"start":{"line":2,"column":15},"end":{"line":2,"column":31}},"2":{"start":{"line":3,"column":13},"end":{"line":3,"column":37}},"3":{"start":{"line":4,"column":15},"end":{"line":4,"column":34}},"4":{"start":{"line":5,"column":12},"end":{"line":5,"column":35}},"5":{"start":{"line":8,"column":0},"end":{"line":16,"column":3}},"6":{"start":{"line":9,"column":4},"end":{"line":15,"column":5}},"7":{"start":{"line":10,"column":45},"end":{"line":10,"column":53}},"8":{"start":{"line":11,"column":24},"end":{"line":11,"column":71}},"9":{"start":{"line":12,"column":8},"end":{"line":12,"column":74}},"10":{"start":{"line":14,"column":8},"end":{"line":14,"column":18}},"11":{"start":{"line":19,"column":0},"end":{"line":35,"column":3}},"12":{"start":{"line":20,"column":4},"end":{"line":34,"column":5}},"13":{"start":{"line":21,"column":39},"end":{"line":21,"column":47}},"14":{"start":{"line":22,"column":21},"end":{"line":22,"column":64}},"15":{"start":{"line":23,"column":8},"end":{"line":25,"column":9}},"16":{"start":{"line":24,"column":12},"end":{"line":24,"column":76}},"17":{"start":{"line":26,"column":24},"end":{"line":26,"column":69}},"18":{"start":{"line":27,"column":8},"end":{"line":29,"column":9}},"19":{"start":{"line":28,"column":12},"end":{"line":28,"column":76}},"20":{"start":{"line":30,"column":22},"end":{"line":30,"column":104}},"21":{"start":{"line":31,"column":8},"end":{"line":31,"column":28}},"22":{"start":{"line":33,"column":12},"end":{"line":33,"column":22}},"23":{"start":{"line":37,"column":0},"end":{"line":37,"column":24}}},"fnMap":{"0":{"name":"(anonymous_0)","decl":{"start":{"line":8,"column":25},"end":{"line":8,"column":26}},"loc":{"start":{"line":8,"column":51},"end":{"line":16,"column":1}},"line":8},"1":{"name":"(anonymous_1)","decl":{"start":{"line":19,"column":22},"end":{"line":19,"column":23}},"loc":{"start":{"line":19,"column":48},"end":{"line":35,"column":1}},"line":19}},"branchMap":{"0":{"loc":{"start":{"line":23,"column":8},"end":{"line":25,"column":9}},"type":"if","locations":[{"start":{"line":23,"column":8},"end":{"line":25,"column":9}},{"start":{},"end":{}}],"line":23},"1":{"loc":{"start":{"line":27,"column":8},"end":{"line":29,"column":9}},"type":"if","locations":[{"start":{"line":27,"column":8},"end":{"line":29,"column":9}},{"start":{},"end":{}}],"line":27}},"s":{"0":1,"1":1,"2":1,"3":1,"4":1,"5":1,"6":3,"7":3,"8":3,"9":0,"10":3,"11":1,"12":0,"13":0,"14":0,"15":0,"16":0,"17":0,"18":0,"19":0,"20":0,"21":0,"22":0,"23":1},"f":{"0":3,"1":0},"b":{"0":[0,0],"1":[0,0]},"_coverageSchema":"1a1c01bbd47fc00a2c39e90264f33305004495a9","hash":"4fb01514614c128b8e398d493591d2aef69f30ce"}
,"C:\\Users\\akusu\\OneDrive\\Documents\\sekolah\\DPSI\\manajemenfile\\routes\\documents.js": {"path":"C:\\Users\\akusu\\OneDrive\\Documents\\sekolah\\DPSI\\manajemenfile\\routes\\documents.js","statementMap":{"0":{"start":{"line":1,"column":14},"end":{"line":1,"column":32}},"1":{"start":{"line":2,"column":13},"end":{"line":2,"column":29}},"2":{"start":{"line":3,"column":15},"end":{"line":3,"column":43}},"3":{"start":{"line":5,"column":0},"end":{"line":12,"column":3}},"4":{"start":{"line":6,"column":4},"end":{"line":11,"column":5}},"5":{"start":{"line":7,"column":26},"end":{"line":7,"column":50}},"6":{"start":{"line":8,"column":8},"end":{"line":8,"column":28}},"7":{"start":{"line":10,"column":8},"end":{"line":10,"column":18}},"8":{"start":{"line":14,"column":0},"end":{"line":22,"column":3}},"9":{"start":{"line":15,"column":4},"end":{"line":21,"column":5}},"10":{"start":{"line":16,"column":42},"end":{"line":16,"column":50}},"11":{"start":{"line":17,"column":28},"end":{"line":17,"column":76}},"12":{"start":{"line":18,"column":8},"end":{"line":18,"column":42}},"13":{"start":{"line":20,"column":8},"end":{"line":20,"column":18}},"14":{"start":{"line":24,"column":0},"end":{"line":39,"column":3}},"15":{"start":{"line":25,"column":4},"end":{"line":38,"column":5}},"16":{"start":{"line":26,"column":42},"end":{"line":26,"column":50}},"17":{"start":{"line":27,"column":26},"end":{"line":27,"column":64}},"18":{"start":{"line":28,"column":8},"end":{"line":35,"column":9}},"19":{"start":{"line":29,"column":12},"end":{"line":29,"column":50}},"20":{"start":{"line":30,"column":12},"end":{"line":30,"column":40}},"21":{"start":{"line":31,"column":12},"end":{"line":31,"column":35}},"22":{"start":{"line":32,"column":12},"end":{"line":32,"column":32}},"23":{"start":{"line":34,"column":12},"end":{"line":34,"column":68}},"24":{"start":{"line":37,"column":8},"end":{"line":37,"column":18}},"25":{"start":{"line":41,"column":0},"end":{"line":53,"column":3}},"26":{"start":{"line":42,"column":4},"end":{"line":52,"column":5}},"27":{"start":{"line":43,"column":26},"end":{"line":43,"column":64}},"28":{"start":{"line":44,"column":8},"end":{"line":49,"column":9}},"29":{"start":{"line":45,"column":12},"end":{"line":45,"column":38}},"30":{"start":{"line":46,"column":12},"end":{"line":46,"column":54}},"31":{"start":{"line":48,"column":12},"end":{"line":48,"column":68}},"32":{"start":{"line":51,"column":8},"end":{"line":51,"column":18}},"33":{"start":{"line":55,"column":0},"end":{"line":55,"column":24}}},"fnMap":{"0":{"name":"(anonymous_0)","decl":{"start":{"line":5,"column":16},"end":{"line":5,"column":17}},"loc":{"start":{"line":5,"column":42},"end":{"line":12,"column":1}},"line":5},"1":{"name":"(anonymous_1)","decl":{"start":{"line":14,"column":17},"end":{"line":14,"column":18}},"loc":{"start":{"line":14,"column":43},"end":{"line":22,"column":1}},"line":14},"2":{"name":"(anonymous_2)","decl":{"start":{"line":24,"column":19},"end":{"line":24,"column":20}},"loc":{"start":{"line":24,"column":45},"end":{"line":39,"column":1}},"line":24},"3":{"name":"(anonymous_3)","decl":{"start":{"line":41,"column":22},"end":{"line":41,"column":23}},"loc":{"start":{"line":41,"column":48},"end":{"line":53,"column":1}},"line":41}},"branchMap":{"0":{"loc":{"start":{"line":28,"column":8},"end":{"line":35,"column":9}},"type":"if","locations":[{"start":{"line":28,"column":8},"end":{"line":35,"column":9}},{"start":{"line":33,"column":15},"end":{"line":35,"column":9}}],"line":28},"1":{"loc":{"start":{"line":44,"column":8},"end":{"line":49,"column":9}},"type":"if","locations":[{"start":{"line":44,"column":8},"end":{"line":49,"column":9}},{"start":{"line":47,"column":15},"end":{"line":49,"column":9}}],"line":44}},"s":{"0":1,"1":1,"2":1,"3":1,"4":0,"5":0,"6":0,"7":0,"8":1,"9":0,"10":0,"11":0,"12":0,"13":0,"14":1,"15":0,"16":0,"17":0,"18":0,"19":0,"20":0,"21":0,"22":0,"23":0,"24":0,"25":1,"26":0,"27":0,"28":0,"29":0,"30":0,"31":0,"32":0,"33":1},"f":{"0":0,"1":0,"2":0,"3":0},"b":{"0":[0,0],"1":[0,0]},"_coverageSchema":"1a1c01bbd47fc00a2c39e90264f33305004495a9","hash":"7f1ecf128d5221289633de071ecf231fa16edf19"}
,"C:\\Users\\akusu\\OneDrive\\Documents\\sekolah\\DPSI\\manajemenfile\\routes\\folders.js": {"path":"C:\\Users\\akusu\\OneDrive\\Documents\\sekolah\\DPSI\\manajemenfile\\routes\\folders.js","statementMap":{"0":{"start":{"line":1,"column":16},"end":{"line":1,"column":34}},"1":{"start":{"line":2,"column":15},"end":{"line":2,"column":31}},"2":{"start":{"line":3,"column":15},"end":{"line":3,"column":41}},"3":{"start":{"line":4,"column":20},"end":{"line":4,"column":51}},"4":{"start":{"line":5,"column":15},"end":{"line":5,"column":40}},"5":{"start":{"line":6,"column":13},"end":{"line":6,"column":37}},"6":{"start":{"line":7,"column":36},"end":{"line":7,"column":65}},"7":{"start":{"line":9,"column":0},"end":{"line":16,"column":3}},"8":{"start":{"line":10,"column":4},"end":{"line":15,"column":5}},"9":{"start":{"line":11,"column":24},"end":{"line":11,"column":46}},"10":{"start":{"line":12,"column":8},"end":{"line":12,"column":26}},"11":{"start":{"line":14,"column":8},"end":{"line":14,"column":18}},"12":{"start":{"line":18,"column":0},"end":{"line":25,"column":3}},"13":{"start":{"line":19,"column":4},"end":{"line":24,"column":5}},"14":{"start":{"line":20,"column":25},"end":{"line":20,"column":47}},"15":{"start":{"line":21,"column":8},"end":{"line":21,"column":27}},"16":{"start":{"line":23,"column":8},"end":{"line":23,"column":18}},"17":{"start":{"line":27,"column":0},"end":{"line":37,"column":3}},"18":{"start":{"line":28,"column":4},"end":{"line":36,"column":5}},"19":{"start":{"line":29,"column":43},"end":{"line":29,"column":51}},"20":{"start":{"line":30,"column":26},"end":{"line":30,"column":61}},"21":{"start":{"line":31,"column":25},"end":{"line":31,"column":43}},"22":{"start":{"line":32,"column":8},"end":{"line":32,"column":59}},"23":{"start":{"line":33,"column":8},"end":{"line":33,"column":40}},"24":{"start":{"line":35,"column":8},"end":{"line":35,"column":18}},"25":{"start":{"line":39,"column":0},"end":{"line":53,"column":3}},"26":{"start":{"line":40,"column":4},"end":{"line":52,"column":5}},"27":{"start":{"line":41,"column":31},"end":{"line":41,"column":39}},"28":{"start":{"line":42,"column":23},"end":{"line":42,"column":65}},"29":{"start":{"line":43,"column":8},"end":{"line":49,"column":9}},"30":{"start":{"line":44,"column":12},"end":{"line":44,"column":43}},"31":{"start":{"line":45,"column":12},"end":{"line":45,"column":32}},"32":{"start":{"line":46,"column":12},"end":{"line":46,"column":29}},"33":{"start":{"line":48,"column":12},"end":{"line":48,"column":66}},"34":{"start":{"line":51,"column":8},"end":{"line":51,"column":18}},"35":{"start":{"line":55,"column":0},"end":{"line":88,"column":3}},"36":{"start":{"line":56,"column":4},"end":{"line":87,"column":5}},"37":{"start":{"line":57,"column":29},"end":{"line":57,"column":37}},"38":{"start":{"line":58,"column":25},"end":{"line":58,"column":44}},"39":{"start":{"line":60,"column":23},"end":{"line":60,"column":54}},"40":{"start":{"line":62,"column":8},"end":{"line":84,"column":9}},"41":{"start":{"line":63,"column":33},"end":{"line":63,"column":83}},"42":{"start":{"line":65,"column":12},"end":{"line":67,"column":13}},"43":{"start":{"line":66,"column":16},"end":{"line":66,"column":97}},"44":{"start":{"line":69,"column":34},"end":{"line":69,"column":63}},"45":{"start":{"line":71,"column":26},"end":{"line":71,"column":69}},"46":{"start":{"line":73,"column":12},"end":{"line":75,"column":13}},"47":{"start":{"line":74,"column":16},"end":{"line":74,"column":75}},"48":{"start":{"line":77,"column":27},"end":{"line":77,"column":42}},"49":{"start":{"line":79,"column":12},"end":{"line":79,"column":59}},"50":{"start":{"line":81,"column":12},"end":{"line":81,"column":95}},"51":{"start":{"line":83,"column":12},"end":{"line":83,"column":66}},"52":{"start":{"line":86,"column":8},"end":{"line":86,"column":18}},"53":{"start":{"line":90,"column":0},"end":{"line":106,"column":3}},"54":{"start":{"line":91,"column":4},"end":{"line":105,"column":5}},"55":{"start":{"line":92,"column":23},"end":{"line":92,"column":65}},"56":{"start":{"line":93,"column":8},"end":{"line":102,"column":9}},"57":{"start":{"line":95,"column":12},"end":{"line":95,"column":80}},"58":{"start":{"line":98,"column":12},"end":{"line":98,"column":35}},"59":{"start":{"line":99,"column":12},"end":{"line":99,"column":45}},"60":{"start":{"line":101,"column":12},"end":{"line":101,"column":66}},"61":{"start":{"line":104,"column":8},"end":{"line":104,"column":18}},"62":{"start":{"line":109,"column":0},"end":{"line":109,"column":24}}},"fnMap":{"0":{"name":"(anonymous_0)","decl":{"start":{"line":9,"column":16},"end":{"line":9,"column":17}},"loc":{"start":{"line":9,"column":42},"end":{"line":16,"column":1}},"line":9},"1":{"name":"(anonymous_1)","decl":{"start":{"line":18,"column":22},"end":{"line":18,"column":23}},"loc":{"start":{"line":18,"column":48},"end":{"line":25,"column":1}},"line":18},"2":{"name":"(anonymous_2)","decl":{"start":{"line":27,"column":17},"end":{"line":27,"column":18}},"loc":{"start":{"line":27,"column":43},"end":{"line":37,"column":1}},"line":27},"3":{"name":"(anonymous_3)","decl":{"start":{"line":39,"column":25},"end":{"line":39,"column":26}},"loc":{"start":{"line":39,"column":51},"end":{"line":53,"column":1}},"line":39},"4":{"name":"(anonymous_4)","decl":{"start":{"line":55,"column":68},"end":{"line":55,"column":69}},"loc":{"start":{"line":55,"column":94},"end":{"line":88,"column":1}},"line":55},"5":{"name":"(anonymous_5)","decl":{"start":{"line":90,"column":64},"end":{"line":90,"column":65}},"loc":{"start":{"line":90,"column":90},"end":{"line":106,"column":1}},"line":90}},"branchMap":{"0":{"loc":{"start":{"line":43,"column":8},"end":{"line":49,"column":9}},"type":"if","locations":[{"start":{"line":43,"column":8},"end":{"line":49,"column":9}},{"start":{"line":47,"column":15},"end":{"line":49,"column":9}}],"line":43},"1":{"loc":{"start":{"line":62,"column":8},"end":{"line":84,"column":9}},"type":"if","locations":[{"start":{"line":62,"column":8},"end":{"line":84,"column":9}},{"start":{"line":82,"column":15},"end":{"line":84,"column":9}}],"line":62},"2":{"loc":{"start":{"line":65,"column":12},"end":{"line":67,"column":13}},"type":"if","locations":[{"start":{"line":65,"column":12},"end":{"line":67,"column":13}},{"start":{},"end":{}}],"line":65},"3":{"loc":{"start":{"line":73,"column":12},"end":{"line":75,"column":13}},"type":"if","locations":[{"start":{"line":73,"column":12},"end":{"line":75,"column":13}},{"start":{},"end":{}}],"line":73},"4":{"loc":{"start":{"line":93,"column":8},"end":{"line":102,"column":9}},"type":"if","locations":[{"start":{"line":93,"column":8},"end":{"line":102,"column":9}},{"start":{"line":100,"column":15},"end":{"line":102,"column":9}}],"line":93}},"s":{"0":1,"1":1,"2":1,"3":1,"4":1,"5":1,"6":1,"7":1,"8":0,"9":0,"10":0,"11":0,"12":1,"13":0,"14":0,"15":0,"16":0,"17":1,"18":0,"19":0,"20":0,"21":0,"22":0,"23":0,"24":0,"25":1,"26":0,"27":0,"28":0,"29":0,"30":0,"31":0,"32":0,"33":0,"34":0,"35":1,"36":0,"37":0,"38":0,"39":0,"40":0,"41":0,"42":0,"43":0,"44":0,"45":0,"46":0,"47":0,"48":0,"49":0,"50":0,"51":0,"52":0,"53":1,"54":0,"55":0,"56":0,"57":0,"58":0,"59":0,"60":0,"61":0,"62":1},"f":{"0":0,"1":0,"2":0,"3":0,"4":0,"5":0},"b":{"0":[0,0],"1":[0,0],"2":[0,0],"3":[0,0],"4":[0,0]},"_coverageSchema":"1a1c01bbd47fc00a2c39e90264f33305004495a9","hash":"83b196b7adc5d57f1e8774a262a1e5ce0f6e4ae4"}
,"C:\\Users\\akusu\\OneDrive\\Documents\\sekolah\\DPSI\\manajemenfile\\routes\\index.js": {"path":"C:\\Users\\akusu\\OneDrive\\Documents\\sekolah\\DPSI\\manajemenfile\\routes\\index.js","statementMap":{"0":{"start":{"line":1,"column":14},"end":{"line":1,"column":32}},"1":{"start":{"line":2,"column":13},"end":{"line":2,"column":29}},"2":{"start":{"line":5,"column":0},"end":{"line":7,"column":3}},"3":{"start":{"line":6,"column":2},"end":{"line":6,"column":44}},"4":{"start":{"line":9,"column":0},"end":{"line":9,"column":24}}},"fnMap":{"0":{"name":"(anonymous_0)","decl":{"start":{"line":5,"column":16},"end":{"line":5,"column":17}},"loc":{"start":{"line":5,"column":41},"end":{"line":7,"column":1}},"line":5}},"branchMap":{},"s":{"0":1,"1":1,"2":1,"3":0,"4":1},"f":{"0":0},"b":{},"_coverageSchema":"1a1c01bbd47fc00a2c39e90264f33305004495a9","hash":"c6e0a35cb4344451e96289fb98e3c2cba1bbce72"}
,"C:\\Users\\akusu\\OneDrive\\Documents\\sekolah\\DPSI\\manajemenfile\\routes\\users.js": {"path":"C:\\Users\\akusu\\OneDrive\\Documents\\sekolah\\DPSI\\manajemenfile\\routes\\users.js","statementMap":{"0":{"start":{"line":1,"column":14},"end":{"line":1,"column":32}},"1":{"start":{"line":2,"column":13},"end":{"line":2,"column":29}},"2":{"start":{"line":3,"column":11},"end":{"line":3,"column":35}},"3":{"start":{"line":5,"column":0},"end":{"line":12,"column":3}},"4":{"start":{"line":6,"column":2},"end":{"line":11,"column":3}},"5":{"start":{"line":7,"column":19},"end":{"line":7,"column":39}},"6":{"start":{"line":8,"column":6},"end":{"line":8,"column":21}},"7":{"start":{"line":10,"column":6},"end":{"line":10,"column":16}},"8":{"start":{"line":14,"column":0},"end":{"line":14,"column":24}}},"fnMap":{"0":{"name":"(anonymous_0)","decl":{"start":{"line":5,"column":16},"end":{"line":5,"column":17}},"loc":{"start":{"line":5,"column":42},"end":{"line":12,"column":1}},"line":5}},"branchMap":{},"s":{"0":1,"1":1,"2":1,"3":1,"4":0,"5":0,"6":0,"7":0,"8":1},"f":{"0":0},"b":{},"_coverageSchema":"1a1c01bbd47fc00a2c39e90264f33305004495a9","hash":"caa1084a272ce47a0cebaea416c05a1764379ca6"}
}
